2022-05-12 14:16:32,557 - INFO - **************Test_001_login*******
2022-05-12 14:16:32,558 - INFO - **************Verifying Homepage title**********
2022-05-12 14:16:34,852 - INFO - ***********HomePage Test Passed********************
2022-05-12 14:16:35,643 - INFO - ************Verifying Login Test*********
2022-05-12 14:16:58,903 - INFO - ***********Login Test Passed********************
2022-05-12 15:01:43,347 - INFO - **************Test_001_login*******
2022-05-12 15:01:43,347 - INFO - **************Verifying Homepage title**********
2022-05-12 15:01:45,847 - INFO - ***********HomePage Test Passed********************
2022-05-12 15:01:46,730 - INFO - ************Verifying Login Test*********
2022-05-12 15:02:33,170 - INFO - **************Test_001_login*******
2022-05-12 15:02:33,170 - INFO - **************Verifying Homepage title**********
2022-05-12 15:02:49,837 - INFO - ***********HomePage Test Passed********************
2022-05-12 15:02:51,339 - INFO - ************Verifying Login Test*********
2022-05-12 15:02:59,214 - INFO - ***********Login Test Passed********************
2022-05-12 15:07:55,116 - INFO - **************Test_001_login*******
2022-05-12 15:07:55,117 - INFO - **************Verifying Homepage title**********
2022-05-12 15:07:57,494 - INFO - ***********HomePage Test Passed********************
2022-05-12 15:07:58,358 - INFO - ************Verifying Login Test*********
2022-05-12 15:08:03,894 - INFO - ***********Login Test Passed********************
2022-05-12 15:10:41,600 - INFO - **************Test_001_login*******
2022-05-12 15:10:41,600 - INFO - **************Verifying Homepage title**********
2022-05-12 15:10:42,111 - INFO - ************Verifying Login Test*********
2022-05-12 15:11:00,649 - INFO - ***********HomePage Test Passed********************
2022-05-12 15:11:40,262 - INFO - ************Verifying Login Test*********
2022-05-12 15:11:40,759 - INFO - **************Test_001_login*******
2022-05-12 15:11:40,759 - INFO - **************Verifying Homepage title**********
2022-05-12 15:11:43,091 - INFO - ***********HomePage Test Passed********************
2022-05-12 15:11:44,696 - INFO - ***********Login Test Passed********************
2022-05-12 15:53:41,589 - INFO - **************Test_001_login*******
2022-05-12 15:53:41,589 - INFO - **************Verifying Homepage title**********
2022-05-12 15:53:41,613 - INFO - ************Verifying Login Test*********
2022-05-12 15:53:59,459 - INFO - ***********HomePage Test Passed********************
2022-05-12 15:54:02,472 - INFO - ***********Login Test Passed********************
2022-05-12 15:58:21,850 - INFO - **************Test_001_login*******
2022-05-12 15:58:21,851 - INFO - **************Verifying Homepage title**********
2022-05-12 15:58:21,899 - INFO - ************Verifying Login Test*********
2022-05-12 15:58:23,696 - INFO - ***********HomePage Test Passed********************
2022-05-12 15:58:27,704 - INFO - ***********Login Test Passed********************
2022-05-12 15:58:44,093 - INFO - **************Test_001_login*******
2022-05-12 15:58:44,093 - INFO - **************Verifying Homepage title**********
2022-05-12 15:58:44,678 - INFO - ************Verifying Login Test*********
2022-05-12 15:58:45,699 - INFO - ***********HomePage Test Passed********************
2022-05-12 15:59:18,566 - INFO - ***********Login Test Passed********************
2022-05-12 16:00:32,767 - INFO - **************Test_001_login*******
2022-05-12 16:00:32,767 - INFO - **************Verifying Homepage title**********
2022-05-12 16:00:32,819 - INFO - ************Verifying Login Test*********
2022-05-12 16:00:34,689 - INFO - ***********HomePage Test Passed********************
2022-05-12 16:00:37,541 - INFO - ***********Login Test Passed********************
2022-05-12 16:01:52,707 - INFO - **************Test_001_login*******
2022-05-12 16:01:52,707 - INFO - **************Verifying Homepage title**********
2022-05-12 16:01:54,305 - INFO - ***********HomePage Test Passed********************
2022-05-12 16:01:55,125 - INFO - ************Verifying Login Test*********
2022-05-12 16:02:15,151 - INFO - ***********Login Test Passed********************
2022-05-12 16:02:29,608 - INFO - **************Test_001_login*******
2022-05-12 16:02:29,608 - INFO - **************Verifying Homepage title**********
2022-05-12 16:02:32,815 - INFO - ***********HomePage Test Passed********************
2022-05-12 16:02:33,634 - INFO - ************Verifying Login Test*********
2022-05-12 16:02:38,618 - INFO - ***********Login Test Passed********************
2022-05-12 16:03:48,892 - INFO - **************Test_001_login*******
2022-05-12 16:03:48,893 - INFO - **************Verifying Homepage title**********
2022-05-12 16:03:50,324 - INFO - ***********HomePage Test Passed********************
2022-05-12 16:03:51,151 - INFO - ************Verifying Login Test*********
2022-05-12 16:04:10,255 - INFO - ***********Login Test Passed********************
2022-05-12 16:57:42,322 - INFO - **********Test_002_DDT_Login*************
2022-05-12 16:57:42,322 - INFO - ************Verifying Login Test*********
2022-05-12 16:57:54,565 - INFO - ***Passed
2022-05-12 17:01:13,979 - INFO - **********Test_002_DDT_Login*************
2022-05-12 17:01:13,979 - INFO - ************Verifying Login Test*********
2022-05-12 17:01:41,482 - INFO - ***Passed
2022-05-12 17:01:48,719 - INFO - ***passed
2022-05-12 17:01:54,364 - INFO - ***passed
2022-05-12 17:01:59,981 - INFO - ***passed
2022-05-12 17:01:59,981 - INFO - ******Login DDT test passed******
2022-05-12 17:02:00,054 - INFO - ***********End of login DDT*********
2022-05-12 17:02:00,054 - INFO - **********Test_DD2_Login Completed******
2022-05-12 17:28:59,572 - INFO - **********Test_002_DDT_Login*************
2022-05-12 17:28:59,572 - INFO - ************Verifying Login Test*********
2022-05-12 17:29:38,272 - INFO - **********Test_002_DDT_Login*************
2022-05-12 17:29:38,272 - INFO - ************Verifying Login Test*********
2022-05-12 17:30:04,421 - INFO - ***Passed
2022-05-12 17:30:20,261 - INFO - **********Test_002_DDT_Login*************
2022-05-12 17:30:20,262 - INFO - ************Verifying Login Test*********
2022-05-12 17:30:45,004 - INFO - ***Passed
2022-05-12 17:30:52,248 - INFO - ***passed
2022-05-12 17:30:58,825 - INFO - ***passed
2022-05-12 17:31:04,451 - INFO - ***passed
2022-05-12 17:31:04,452 - INFO - ******Login DDT test passed******
2022-05-12 17:31:04,523 - INFO - ***********End of login DDT*********
2022-05-12 17:31:04,524 - INFO - **********Test_DD2_Login Completed******
2022-05-12 17:32:18,030 - INFO - **************Test_001_login*******
2022-05-12 17:32:18,031 - INFO - **************Verifying Homepage title**********
2022-05-12 17:32:20,516 - INFO - ***********HomePage Test Passed********************
2022-05-12 17:32:21,334 - INFO - ************Verifying Login Test*********
2022-05-12 17:32:27,647 - INFO - ***********Login Test Passed********************
2022-05-12 18:59:04,471 - INFO - **************Test_001_login*******
2022-05-12 18:59:04,471 - INFO - **************Verifying Homepage title**********
2022-05-12 18:59:07,043 - INFO - ***********HomePage Test Passed********************
2022-05-12 18:59:07,889 - INFO - ************Verifying Login Test*********
2022-05-12 18:59:12,470 - INFO - ***********Login Test Passed********************
2022-05-12 19:00:11,326 - INFO - **************Test_001_login*******
2022-05-12 19:00:11,327 - INFO - **************Verifying Homepage title**********
2022-05-12 19:00:11,362 - INFO - ************Verifying Login Test*********
2022-05-12 19:00:14,619 - INFO - ***********HomePage Test Passed********************
2022-05-12 19:00:17,260 - INFO - ***********Login Test Passed********************
2022-05-12 19:00:27,877 - INFO - **************Test_001_login*******
2022-05-12 19:00:27,877 - INFO - **************Verifying Homepage title**********
2022-05-12 19:00:27,886 - INFO - ************Verifying Login Test*********
2022-05-12 19:00:30,820 - INFO - ***********HomePage Test Passed********************
2022-05-12 19:00:33,731 - INFO - ***********Login Test Passed********************
2022-05-13 11:38:40,070 - INFO - **************Test_001_login*******
2022-05-13 11:38:40,070 - INFO - **************Verifying Homepage title**********
2022-05-13 11:39:12,983 - INFO - ************Verifying Login Test*********
2022-05-13 11:39:18,010 - INFO - ***********Login Test Passed********************
2022-05-13 11:39:52,522 - INFO - **************Test_001_login*******
2022-05-13 11:39:52,522 - INFO - **************Verifying Homepage title**********
2022-05-13 11:39:55,690 - INFO - ************Verifying Login Test*********
2022-05-13 11:40:29,811 - INFO - **************Test_001_login*******
2022-05-13 11:40:29,811 - INFO - **************Verifying Homepage title**********
2022-05-13 11:40:32,012 - INFO - ************Verifying Login Test*********
2022-05-13 11:41:07,889 - INFO - **************Test_001_login*******
2022-05-13 11:41:07,889 - INFO - **************Verifying Homepage title**********
2022-05-13 11:41:10,309 - INFO - ************Verifying Login Test*********
2022-05-13 16:13:34,513 - INFO - **************Test_001_login*******
2022-05-13 16:13:34,513 - INFO - **************Verifying Homepage title**********
2022-05-13 16:13:37,777 - INFO - ************Verifying Login Test*********
2022-05-13 16:13:43,541 - INFO - ***********Login Test Passed********************
2022-05-13 16:14:46,162 - INFO - ************* Test_003_AddCustomer **********
2022-05-13 16:16:10,095 - INFO - ************* Test_003_AddCustomer **********
2022-05-13 16:17:06,511 - INFO - ************* Test_003_AddCustomer **********
2022-05-13 16:20:44,467 - INFO - ************* Test_003_AddCustomer **********
2022-05-13 16:20:50,736 - INFO - ************* Login successful **********
2022-05-13 16:20:50,736 - INFO - ******* Starting Add Customer Test **********
2022-05-13 16:20:53,564 - INFO - ************* Providing customer info **********
2022-05-13 16:23:26,843 - INFO - ************* Test_003_AddCustomer **********
2022-05-13 16:23:32,684 - INFO - ************* Login successful **********
2022-05-13 16:23:32,684 - INFO - ******* Starting Add Customer Test **********
2022-05-13 16:23:35,356 - INFO - ************* Providing customer info **********
2022-05-13 16:25:25,418 - INFO - ************* Saving customer info **********
2022-05-13 16:25:25,418 - INFO - ********* Add customer validation started *****************
2022-05-13 16:25:25,690 - ERROR - ********* Add customer Test Failed ************
